{"timestamp":"2025-10-13T23:53:52.280359Z","level":"info","event":"DAG bundles loaded: dags-folder, example_dags","logger":"airflow.dag_processing.bundles.manager.DagBundlesManager","filename":"manager.py","lineno":179}
{"timestamp":"2025-10-13T23:53:52.281425Z","level":"info","event":"Filling up the DagBag from /opt/airflow/dags/budget_municipal_etl.py","logger":"airflow.models.dagbag.DagBag","filename":"dagbag.py","lineno":593}
{"timestamp":"2025-10-13T23:53:52.294078Z","level":"warning","event":"The `airflow.operators.python.PythonOperator` attribute is deprecated. Please use `'airflow.providers.standard.operators.python.PythonOperator'`.","category":"DeprecatedImportWarning","filename":"/opt/airflow/dags/budget_municipal_etl.py","lineno":9,"logger":"py.warnings"}
{"timestamp":"2025-10-13T23:53:52.345455Z","level":"info","event":"Task instance is in running state","logger":"task.stdout"}
{"timestamp":"2025-10-13T23:53:52.345960Z","level":"info","event":" Previous state of the Task instance: TaskInstanceState.QUEUED","logger":"task.stdout"}
{"timestamp":"2025-10-13T23:53:52.346194Z","level":"info","event":"Current task name:load_data","logger":"task.stdout"}
{"timestamp":"2025-10-13T23:53:52.346379Z","level":"info","event":"Dag name:budget_municipal_etl","logger":"task.stdout"}
{"timestamp":"2025-10-13T23:53:52.347744Z","level":"info","event":"Starting data loading to PostgreSQL database","logger":"root","filename":"budget_municipal_etl.py","lineno":252}
{"timestamp":"2025-10-13T23:53:52.360884Z","level":"info","event":"Loading data from Feuil1 to database","logger":"root","filename":"budget_municipal_etl.py","lineno":267}
{"timestamp":"2025-10-13T23:53:56.876366Z","level":"info","event":"Inserted 2376 records from Feuil1","logger":"root","filename":"budget_municipal_etl.py","lineno":343}
{"timestamp":"2025-10-13T23:53:56.896359Z","level":"info","event":"Loading data from Feuil2 to database","logger":"root","filename":"budget_municipal_etl.py","lineno":267}
{"timestamp":"2025-10-13T23:53:56.915561Z","level":"info","event":"Inserted 5 records from Feuil2","logger":"root","filename":"budget_municipal_etl.py","lineno":343}
{"timestamp":"2025-10-13T23:53:56.923392Z","level":"info","event":"Loading data from Feuil3 to database","logger":"root","filename":"budget_municipal_etl.py","lineno":267}
{"timestamp":"2025-10-13T23:53:56.938363Z","level":"info","event":"Inserted 7 records from Feuil3","logger":"root","filename":"budget_municipal_etl.py","lineno":343}
{"timestamp":"2025-10-13T23:53:56.970943Z","level":"info","event":"Combined dataset saved to /opt/airflow/processed/combined_municipal_budget.csv","logger":"root","filename":"budget_municipal_etl.py","lineno":387}
{"timestamp":"2025-10-13T23:53:56.976100Z","level":"error","event":"Error during loading: 'execution_date'","logger":"root","filename":"budget_municipal_etl.py","lineno":428}
{"timestamp":"2025-10-13T23:53:56.988392Z","level":"error","event":"Task failed with exception","logger":"task","filename":"task_runner.py","lineno":994,"error_detail":[{"exc_type":"KeyError","exc_value":"'execution_date'","exc_notes":[],"syntax_error":null,"is_cause":false,"frames":[{"filename":"/home/airflow/.local/lib/python3.12/site-packages/airflow/sdk/execution_time/task_runner.py","lineno":920,"name":"run"},{"filename":"/home/airflow/.local/lib/python3.12/site-packages/airflow/sdk/execution_time/task_runner.py","lineno":1307,"name":"_execute_task"},{"filename":"/home/airflow/.local/lib/python3.12/site-packages/airflow/sdk/bases/operator.py","lineno":416,"name":"wrapper"},{"filename":"/home/airflow/.local/lib/python3.12/site-packages/airflow/providers/standard/operators/python.py","lineno":216,"name":"execute"},{"filename":"/home/airflow/.local/lib/python3.12/site-packages/airflow/providers/standard/operators/python.py","lineno":239,"name":"execute_callable"},{"filename":"/home/airflow/.local/lib/python3.12/site-packages/airflow/sdk/execution_time/callback_runner.py","lineno":82,"name":"run"},{"filename":"/opt/airflow/dags/budget_municipal_etl.py","lineno":413,"name":"load_budget_data"}],"is_group":false,"exceptions":[]}]}
{"timestamp":"2025-10-13T23:53:57.017360Z","level":"info","event":"Task instance in failure state","logger":"task.stdout"}
{"timestamp":"2025-10-13T23:53:57.017851Z","level":"info","event":"Task start","logger":"task.stdout"}
{"timestamp":"2025-10-13T23:53:57.018131Z","level":"info","event":"Task:<Task(PythonOperator): load_data>","logger":"task.stdout"}
{"timestamp":"2025-10-13T23:53:57.018425Z","level":"info","event":"Failure caused by 'execution_date'","logger":"task.stdout"}
