{"timestamp":"2025-10-14T21:28:15.606042Z","level":"info","event":"DAG bundles loaded: dags-folder, example_dags","logger":"airflow.dag_processing.bundles.manager.DagBundlesManager","filename":"manager.py","lineno":179}
{"timestamp":"2025-10-14T21:28:15.607593Z","level":"info","event":"Filling up the DagBag from /opt/airflow/dags/budget_municipal_etl.py","logger":"airflow.models.dagbag.DagBag","filename":"dagbag.py","lineno":593}
{"timestamp":"2025-10-14T21:28:15.623947Z","level":"warning","event":"The `airflow.operators.python.PythonOperator` attribute is deprecated. Please use `'airflow.providers.standard.operators.python.PythonOperator'`.","category":"DeprecatedImportWarning","filename":"/opt/airflow/dags/budget_municipal_etl.py","lineno":9,"logger":"py.warnings"}
{"timestamp":"2025-10-14T21:28:15.646981Z","level":"info","event":"Task instance is in running state","logger":"task.stdout"}
{"timestamp":"2025-10-14T21:28:15.647346Z","level":"info","event":" Previous state of the Task instance: TaskInstanceState.QUEUED","logger":"task.stdout"}
{"timestamp":"2025-10-14T21:28:15.647750Z","level":"info","event":"Current task name:load_data","logger":"task.stdout"}
{"timestamp":"2025-10-14T21:28:15.648069Z","level":"info","event":"Dag name:budget_municipal_etl","logger":"task.stdout"}
{"timestamp":"2025-10-14T21:28:15.649179Z","level":"info","event":"Starting data loading to PostgreSQL database","logger":"root","filename":"budget_municipal_etl.py","lineno":259}
{"timestamp":"2025-10-14T21:28:15.661780Z","level":"info","event":"Loading data from Feuil1 to database","logger":"root","filename":"budget_municipal_etl.py","lineno":274}
{"timestamp":"2025-10-14T21:28:15.772663Z","level":"error","event":"Error during loading: (psycopg2.errors.InvalidSchemaName) schema \"budget\" does not exist\nLINE 2: CREATE TABLE budget.budget_data (\n                     ^\n\n[SQL: \nCREATE TABLE budget.budget_data (\n\tsheet_source TEXT, \n\tfiscal_year BIGINT, \n\tprocessed_date TEXT, \n\tbudget_category TEXT, \n\tbudget_item TEXT, \n\tbudget_amount FLOAT(53), \n\tbudget_description TEXT, \n\tdepartment TEXT, \n\taccount_code TEXT\n)\n\n]\n(Background on this error at: https://sqlalche.me/e/14/f405)","logger":"root","filename":"budget_municipal_etl.py","lineno":439}
{"timestamp":"2025-10-14T21:28:15.785755Z","level":"error","event":"Task failed with exception","logger":"task","filename":"task_runner.py","lineno":994,"error_detail":[{"exc_type":"ProgrammingError","exc_value":"(psycopg2.errors.InvalidSchemaName) schema \"budget\" does not exist\nLINE 2: CREATE TABLE budget.budget_data (\n                     ^\n\n[SQL: \nCREATE TABLE budget.budget_data (\n\tsheet_source TEXT, \n\tfiscal_year BIGINT, \n\tprocessed_date TEXT, \n\tbudget_category TEXT, \n\tbudget_item TEXT, \n\tbudget_amount FLOAT(53), \n\tbudget_description TEXT, \n\tdepartment TEXT, \n\taccount_code TEXT\n)\n\n]\n(Background on this error at: https://sqlalche.me/e/14/f405)","exc_notes":[],"syntax_error":null,"is_cause":false,"frames":[{"filename":"/home/airflow/.local/lib/python3.12/site-packages/airflow/sdk/execution_time/task_runner.py","lineno":920,"name":"run"},{"filename":"/home/airflow/.local/lib/python3.12/site-packages/airflow/sdk/execution_time/task_runner.py","lineno":1307,"name":"_execute_task"},{"filename":"/home/airflow/.local/lib/python3.12/site-packages/airflow/sdk/bases/operator.py","lineno":416,"name":"wrapper"},{"filename":"/home/airflow/.local/lib/python3.12/site-packages/airflow/providers/standard/operators/python.py","lineno":216,"name":"execute"},{"filename":"/home/airflow/.local/lib/python3.12/site-packages/airflow/providers/standard/operators/python.py","lineno":239,"name":"execute_callable"},{"filename":"/home/airflow/.local/lib/python3.12/site-packages/airflow/sdk/execution_time/callback_runner.py","lineno":82,"name":"run"},{"filename":"/opt/airflow/dags/budget_municipal_etl.py","lineno":347,"name":"load_budget_data"},{"filename":"/home/airflow/.local/lib/python3.12/site-packages/pandas/util/_decorators.py","lineno":333,"name":"wrapper"},{"filename":"/home/airflow/.local/lib/python3.12/site-packages/pandas/core/generic.py","lineno":3008,"name":"to_sql"},{"filename":"/home/airflow/.local/lib/python3.12/site-packages/pandas/io/sql.py","lineno":788,"name":"to_sql"},{"filename":"/home/airflow/.local/lib/python3.12/site-packages/pandas/io/sql.py","lineno":1948,"name":"to_sql"},{"filename":"/home/airflow/.local/lib/python3.12/site-packages/pandas/io/sql.py","lineno":1852,"name":"prep_table"},{"filename":"/home/airflow/.local/lib/python3.12/site-packages/pandas/io/sql.py","lineno":936,"name":"create"},{"filename":"/home/airflow/.local/lib/python3.12/site-packages/pandas/io/sql.py","lineno":922,"name":"_execute_create"},{"filename":"/home/airflow/.local/lib/python3.12/site-packages/sqlalchemy/sql/schema.py","lineno":962,"name":"create"},{"filename":"/home/airflow/.local/lib/python3.12/site-packages/sqlalchemy/engine/base.py","lineno":2221,"name":"_run_ddl_visitor"},{"filename":"/home/airflow/.local/lib/python3.12/site-packages/sqlalchemy/sql/visitors.py","lineno":524,"name":"traverse_single"},{"filename":"/home/airflow/.local/lib/python3.12/site-packages/sqlalchemy/sql/ddl.py","lineno":899,"name":"visit_table"},{"filename":"/home/airflow/.local/lib/python3.12/site-packages/sqlalchemy/engine/base.py","lineno":1385,"name":"execute"},{"filename":"/home/airflow/.local/lib/python3.12/site-packages/sqlalchemy/sql/ddl.py","lineno":80,"name":"_execute_on_connection"},{"filename":"/home/airflow/.local/lib/python3.12/site-packages/sqlalchemy/engine/base.py","lineno":1477,"name":"_execute_ddl"},{"filename":"/home/airflow/.local/lib/python3.12/site-packages/sqlalchemy/engine/base.py","lineno":1953,"name":"_execute_context"},{"filename":"/home/airflow/.local/lib/python3.12/site-packages/sqlalchemy/engine/base.py","lineno":2134,"name":"_handle_dbapi_exception"},{"filename":"/home/airflow/.local/lib/python3.12/site-packages/sqlalchemy/util/compat.py","lineno":211,"name":"raise_"},{"filename":"/home/airflow/.local/lib/python3.12/site-packages/sqlalchemy/engine/base.py","lineno":1910,"name":"_execute_context"},{"filename":"/home/airflow/.local/lib/python3.12/site-packages/sqlalchemy/engine/default.py","lineno":736,"name":"do_execute"}],"is_group":false,"exceptions":[]},{"exc_type":"InvalidSchemaName","exc_value":"schema \"budget\" does not exist\nLINE 2: CREATE TABLE budget.budget_data (\n                     ^\n","exc_notes":[],"syntax_error":null,"is_cause":true,"frames":[{"filename":"/home/airflow/.local/lib/python3.12/site-packages/sqlalchemy/engine/base.py","lineno":1910,"name":"_execute_context"},{"filename":"/home/airflow/.local/lib/python3.12/site-packages/sqlalchemy/engine/default.py","lineno":736,"name":"do_execute"}],"is_group":false,"exceptions":[]}]}
{"timestamp":"2025-10-14T21:28:15.820111Z","level":"info","event":"Task instance in failure state","logger":"task.stdout"}
{"timestamp":"2025-10-14T21:28:15.820992Z","level":"info","event":"Task start","logger":"task.stdout"}
{"timestamp":"2025-10-14T21:28:15.825869Z","level":"info","event":"Task:<Task(PythonOperator): load_data>","logger":"task.stdout"}
{"timestamp":"2025-10-14T21:28:15.826470Z","level":"info","event":"Failure caused by (psycopg2.errors.InvalidSchemaName) schema \"budget\" does not exist","logger":"task.stdout"}
{"timestamp":"2025-10-14T21:28:15.826835Z","level":"info","event":"LINE 2: CREATE TABLE budget.budget_data (","logger":"task.stdout"}
{"timestamp":"2025-10-14T21:28:15.827226Z","level":"info","event":"                     ^","logger":"task.stdout"}
{"timestamp":"2025-10-14T21:28:15.827568Z","level":"info","event":"","logger":"task.stdout"}
{"timestamp":"2025-10-14T21:28:15.827940Z","level":"info","event":"[SQL:","logger":"task.stdout"}
{"timestamp":"2025-10-14T21:28:15.828288Z","level":"info","event":"CREATE TABLE budget.budget_data (","logger":"task.stdout"}
{"timestamp":"2025-10-14T21:28:15.828981Z","level":"info","event":"\tsheet_source TEXT,","logger":"task.stdout"}
{"timestamp":"2025-10-14T21:28:15.829588Z","level":"info","event":"\tfiscal_year BIGINT,","logger":"task.stdout"}
{"timestamp":"2025-10-14T21:28:15.830003Z","level":"info","event":"\tprocessed_date TEXT,","logger":"task.stdout"}
{"timestamp":"2025-10-14T21:28:15.830326Z","level":"info","event":"\tbudget_category TEXT,","logger":"task.stdout"}
{"timestamp":"2025-10-14T21:28:15.830566Z","level":"info","event":"\tbudget_item TEXT,","logger":"task.stdout"}
{"timestamp":"2025-10-14T21:28:15.830771Z","level":"info","event":"\tbudget_amount FLOAT(53),","logger":"task.stdout"}
{"timestamp":"2025-10-14T21:28:15.830968Z","level":"info","event":"\tbudget_description TEXT,","logger":"task.stdout"}
{"timestamp":"2025-10-14T21:28:15.831164Z","level":"info","event":"\tdepartment TEXT,","logger":"task.stdout"}
{"timestamp":"2025-10-14T21:28:15.831371Z","level":"info","event":"\taccount_code TEXT","logger":"task.stdout"}
{"timestamp":"2025-10-14T21:28:15.831576Z","level":"info","event":")","logger":"task.stdout"}
{"timestamp":"2025-10-14T21:28:15.831807Z","level":"info","event":"","logger":"task.stdout"}
{"timestamp":"2025-10-14T21:28:15.832032Z","level":"info","event":"]","logger":"task.stdout"}
{"timestamp":"2025-10-14T21:28:15.832413Z","level":"info","event":"(Background on this error at: https://sqlalche.me/e/14/f405)","logger":"task.stdout"}
