{"timestamp":"2025-10-14T00:13:06.345979Z","level":"info","event":"DAG bundles loaded: dags-folder, example_dags","logger":"airflow.dag_processing.bundles.manager.DagBundlesManager","filename":"manager.py","lineno":179}
{"timestamp":"2025-10-14T00:13:06.347675Z","level":"info","event":"Filling up the DagBag from /opt/airflow/dags/budget_municipal_etl.py","logger":"airflow.models.dagbag.DagBag","filename":"dagbag.py","lineno":593}
{"timestamp":"2025-10-14T00:13:06.369631Z","level":"warning","event":"The `airflow.operators.python.PythonOperator` attribute is deprecated. Please use `'airflow.providers.standard.operators.python.PythonOperator'`.","category":"DeprecatedImportWarning","filename":"/opt/airflow/dags/budget_municipal_etl.py","lineno":9,"logger":"py.warnings"}
{"timestamp":"2025-10-14T00:13:06.416792Z","level":"info","event":"Task instance is in running state","logger":"task.stdout"}
{"timestamp":"2025-10-14T00:13:06.417450Z","level":"info","event":" Previous state of the Task instance: TaskInstanceState.QUEUED","logger":"task.stdout"}
{"timestamp":"2025-10-14T00:13:06.418014Z","level":"info","event":"Current task name:transform_data","logger":"task.stdout"}
{"timestamp":"2025-10-14T00:13:06.418404Z","level":"info","event":"Dag name:budget_municipal_etl","logger":"task.stdout"}
{"timestamp":"2025-10-14T00:13:06.419846Z","level":"info","event":"Starting data transformation","logger":"root","filename":"budget_municipal_etl.py","lineno":90}
{"timestamp":"2025-10-14T00:13:06.437891Z","level":"info","event":"Transforming sheet: Feuil1","logger":"root","filename":"budget_municipal_etl.py","lineno":98}
{"timestamp":"2025-10-14T00:13:06.473900Z","level":"info","event":"Transformed Feuil1: 264 rows, 16 columns","logger":"root","filename":"budget_municipal_etl.py","lineno":155}
{"timestamp":"2025-10-14T00:13:06.474319Z","level":"info","event":"Transforming sheet: Feuil2","logger":"root","filename":"budget_municipal_etl.py","lineno":98}
{"timestamp":"2025-10-14T00:13:06.571729Z","level":"info","event":"Transformed Feuil2: 5 rows, 35 columns","logger":"root","filename":"budget_municipal_etl.py","lineno":155}
{"timestamp":"2025-10-14T00:13:06.572222Z","level":"info","event":"Transforming sheet: Feuil3","logger":"root","filename":"budget_municipal_etl.py","lineno":98}
{"timestamp":"2025-10-14T00:13:06.588985Z","level":"info","event":"Transformed Feuil3: 7 rows, 4 columns","logger":"root","filename":"budget_municipal_etl.py","lineno":155}
{"timestamp":"2025-10-14T00:13:06.610418Z","level":"info","event":"Data transformation completed successfully","logger":"root","filename":"budget_municipal_etl.py","lineno":160}
{"timestamp":"2025-10-14T00:13:06.610748Z","level":"info","event":"Done. Returned value was: Transformation completed","logger":"airflow.task.operators.airflow.providers.standard.operators.python.PythonOperator","filename":"python.py","lineno":218}
{"timestamp":"2025-10-14T00:13:06.611157Z","level":"info","event":"Pushing xcom","ti":"RuntimeTaskInstance(id=UUID('0199e010-30cd-7454-9756-379543555faf'), task_id='transform_data', dag_id='budget_municipal_etl', run_id='manual__2025-10-14T00:13:01.490713+00:00', try_number=1, dag_version_id=UUID('0199dff7-e54d-757a-a9d7-739f5be06f20'), map_index=-1, hostname='978bde05ff51', context_carrier={}, task=<Task(PythonOperator): transform_data>, bundle_instance=LocalDagBundle(name=dags-folder), max_tries=1, start_date=datetime.datetime(2025, 10, 14, 0, 13, 5, 657322, tzinfo=datetime.timezone.utc), end_date=None, state=<TaskInstanceState.RUNNING: 'running'>, is_mapped=False, rendered_map_index=None)","logger":"task","filename":"task_runner.py","lineno":1352}
{"timestamp":"2025-10-14T00:13:06.660861Z","level":"info","event":"Task instance in success state","logger":"task.stdout"}
{"timestamp":"2025-10-14T00:13:06.662199Z","level":"info","event":" Previous state of the Task instance: TaskInstanceState.RUNNING","logger":"task.stdout"}
{"timestamp":"2025-10-14T00:13:06.662774Z","level":"info","event":"Task operator:<Task(PythonOperator): transform_data>","logger":"task.stdout"}
