{"timestamp":"2025-10-14T20:45:51.450240Z","level":"info","event":"DAG bundles loaded: dags-folder, example_dags","logger":"airflow.dag_processing.bundles.manager.DagBundlesManager","filename":"manager.py","lineno":179}
{"timestamp":"2025-10-14T20:45:51.451496Z","level":"info","event":"Filling up the DagBag from /opt/airflow/dags/budget_municipal_etl.py","logger":"airflow.models.dagbag.DagBag","filename":"dagbag.py","lineno":593}
{"timestamp":"2025-10-14T20:45:51.468547Z","level":"warning","event":"The `airflow.operators.python.PythonOperator` attribute is deprecated. Please use `'airflow.providers.standard.operators.python.PythonOperator'`.","category":"DeprecatedImportWarning","filename":"/opt/airflow/dags/budget_municipal_etl.py","lineno":9,"logger":"py.warnings"}
{"timestamp":"2025-10-14T20:45:51.494468Z","level":"info","event":"Task instance is in running state","logger":"task.stdout"}
{"timestamp":"2025-10-14T20:45:51.495005Z","level":"info","event":" Previous state of the Task instance: TaskInstanceState.QUEUED","logger":"task.stdout"}
{"timestamp":"2025-10-14T20:45:51.495381Z","level":"info","event":"Current task name:transform_data","logger":"task.stdout"}
{"timestamp":"2025-10-14T20:45:51.495706Z","level":"info","event":"Dag name:budget_municipal_etl","logger":"task.stdout"}
{"timestamp":"2025-10-14T20:45:51.497431Z","level":"info","event":"Starting data transformation","logger":"root","filename":"budget_municipal_etl.py","lineno":90}
{"timestamp":"2025-10-14T20:45:51.517310Z","level":"info","event":"Transforming sheet: Feuil1","logger":"root","filename":"budget_municipal_etl.py","lineno":98}
{"timestamp":"2025-10-14T20:45:51.564368Z","level":"info","event":"Transformed Feuil1: 264 rows, 16 columns","logger":"root","filename":"budget_municipal_etl.py","lineno":155}
{"timestamp":"2025-10-14T20:45:51.564642Z","level":"info","event":"Transforming sheet: Feuil2","logger":"root","filename":"budget_municipal_etl.py","lineno":98}
{"timestamp":"2025-10-14T20:45:51.601512Z","level":"info","event":"Transformed Feuil2: 5 rows, 35 columns","logger":"root","filename":"budget_municipal_etl.py","lineno":155}
{"timestamp":"2025-10-14T20:45:51.601750Z","level":"info","event":"Transforming sheet: Feuil3","logger":"root","filename":"budget_municipal_etl.py","lineno":98}
{"timestamp":"2025-10-14T20:45:51.614042Z","level":"info","event":"Transformed Feuil3: 7 rows, 4 columns","logger":"root","filename":"budget_municipal_etl.py","lineno":155}
{"timestamp":"2025-10-14T20:45:51.627531Z","level":"info","event":"Data transformation completed successfully","logger":"root","filename":"budget_municipal_etl.py","lineno":160}
{"timestamp":"2025-10-14T20:45:51.627807Z","level":"info","event":"Done. Returned value was: Transformation completed","logger":"airflow.task.operators.airflow.providers.standard.operators.python.PythonOperator","filename":"python.py","lineno":218}
{"timestamp":"2025-10-14T20:45:51.628052Z","level":"info","event":"Pushing xcom","ti":"RuntimeTaskInstance(id=UUID('0199e478-9641-7ef1-be39-0c3dfab2c3c3'), task_id='transform_data', dag_id='budget_municipal_etl', run_id='manual__2025-10-14T20:45:32.049065+00:00', try_number=1, dag_version_id=UUID('0199e44f-048b-7a95-a91d-d4e4adf4012e'), map_index=-1, hostname='4d4f4b73a332', context_carrier={}, task=<Task(PythonOperator): transform_data>, bundle_instance=LocalDagBundle(name=dags-folder), max_tries=1, start_date=datetime.datetime(2025, 10, 14, 20, 45, 50, 408579, tzinfo=datetime.timezone.utc), end_date=None, state=<TaskInstanceState.RUNNING: 'running'>, is_mapped=False, rendered_map_index=None)","logger":"task","filename":"task_runner.py","lineno":1352}
{"timestamp":"2025-10-14T20:45:51.659004Z","level":"info","event":"Task instance in success state","logger":"task.stdout"}
{"timestamp":"2025-10-14T20:45:51.659884Z","level":"info","event":" Previous state of the Task instance: TaskInstanceState.RUNNING","logger":"task.stdout"}
{"timestamp":"2025-10-14T20:45:51.660559Z","level":"info","event":"Task operator:<Task(PythonOperator): transform_data>","logger":"task.stdout"}
