{"timestamp":"2025-10-13T23:58:54.257635Z","level":"info","event":"DAG bundles loaded: dags-folder, example_dags","logger":"airflow.dag_processing.bundles.manager.DagBundlesManager","filename":"manager.py","lineno":179}
{"timestamp":"2025-10-13T23:58:54.258685Z","level":"info","event":"Filling up the DagBag from /opt/airflow/dags/budget_municipal_etl.py","logger":"airflow.models.dagbag.DagBag","filename":"dagbag.py","lineno":593}
{"timestamp":"2025-10-13T23:58:54.274116Z","level":"warning","event":"The `airflow.operators.python.PythonOperator` attribute is deprecated. Please use `'airflow.providers.standard.operators.python.PythonOperator'`.","category":"DeprecatedImportWarning","filename":"/opt/airflow/dags/budget_municipal_etl.py","lineno":9,"logger":"py.warnings"}
{"timestamp":"2025-10-13T23:58:54.303689Z","level":"info","event":"Task instance is in running state","logger":"task.stdout"}
{"timestamp":"2025-10-13T23:58:54.304327Z","level":"info","event":" Previous state of the Task instance: TaskInstanceState.QUEUED","logger":"task.stdout"}
{"timestamp":"2025-10-13T23:58:54.304828Z","level":"info","event":"Current task name:load_data","logger":"task.stdout"}
{"timestamp":"2025-10-13T23:58:54.305182Z","level":"info","event":"Dag name:budget_municipal_etl","logger":"task.stdout"}
{"timestamp":"2025-10-13T23:58:54.306877Z","level":"info","event":"Starting data loading to PostgreSQL database","logger":"root","filename":"budget_municipal_etl.py","lineno":252}
{"timestamp":"2025-10-13T23:58:54.331744Z","level":"info","event":"Loading data from Feuil1 to database","logger":"root","filename":"budget_municipal_etl.py","lineno":267}
{"timestamp":"2025-10-13T23:58:55.013505Z","level":"info","event":"Inserted 2376 records from Feuil1","logger":"root","filename":"budget_municipal_etl.py","lineno":343}
{"timestamp":"2025-10-13T23:58:55.023626Z","level":"info","event":"Loading data from Feuil2 to database","logger":"root","filename":"budget_municipal_etl.py","lineno":267}
{"timestamp":"2025-10-13T23:58:55.040711Z","level":"info","event":"Inserted 5 records from Feuil2","logger":"root","filename":"budget_municipal_etl.py","lineno":343}
{"timestamp":"2025-10-13T23:58:55.046589Z","level":"info","event":"Loading data from Feuil3 to database","logger":"root","filename":"budget_municipal_etl.py","lineno":267}
{"timestamp":"2025-10-13T23:58:55.059116Z","level":"info","event":"Inserted 7 records from Feuil3","logger":"root","filename":"budget_municipal_etl.py","lineno":343}
{"timestamp":"2025-10-13T23:58:55.077926Z","level":"info","event":"Combined dataset saved to /opt/airflow/processed/combined_municipal_budget.csv","logger":"root","filename":"budget_municipal_etl.py","lineno":387}
{"timestamp":"2025-10-13T23:58:55.082125Z","level":"warning","event":"Could not insert audit record (table may not exist): (psycopg2.errors.UndefinedTable) relation \"etl_audit\" does not exist\nLINE 2:             INSERT INTO etl_audit (dag_run_id, task_id, exec...\n                                ^\n\n[SQL: \n            INSERT INTO etl_audit (dag_run_id, task_id, execution_date, status, records_processed)\n            VALUES (%(dag_run_id)s, %(task_id)s, %(execution_date)s, %(status)s, %(records_processed)s)\n            ]\n[parameters: {'dag_run_id': 'budget_municipal_etl', 'task_id': 'load_data', 'execution_date': DateTime(2025, 10, 13, 23, 58, 45, tzinfo=Timezone('UTC')), 'status': 'SUCCESS', 'records_processed': 2388}]\n(Background on this error at: https://sqlalche.me/e/14/f405)","logger":"root","filename":"budget_municipal_etl.py","lineno":420}
{"timestamp":"2025-10-13T23:58:55.082296Z","level":"info","event":"Summary report saved to /opt/airflow/processed/budget_summary_report.json","logger":"root","filename":"budget_municipal_etl.py","lineno":422}
{"timestamp":"2025-10-13T23:58:55.082373Z","level":"info","event":"Total records loaded to database: 2388","logger":"root","filename":"budget_municipal_etl.py","lineno":423}
{"timestamp":"2025-10-13T23:58:55.096506Z","level":"info","event":"Data loading to PostgreSQL completed successfully","logger":"root","filename":"budget_municipal_etl.py","lineno":428}
{"timestamp":"2025-10-13T23:58:55.096722Z","level":"info","event":"Done. Returned value was: Loading completed","logger":"airflow.task.operators.airflow.providers.standard.operators.python.PythonOperator","filename":"python.py","lineno":218}
{"timestamp":"2025-10-13T23:58:55.096981Z","level":"info","event":"Pushing xcom","ti":"RuntimeTaskInstance(id=UUID('0199e003-24d5-7d36-ba79-331b1873656d'), task_id='load_data', dag_id='budget_municipal_etl', run_id='manual__2025-10-13T23:58:46.463246+00:00', try_number=1, dag_version_id=UUID('0199dff7-e54d-757a-a9d7-739f5be06f20'), map_index=-1, hostname='978bde05ff51', context_carrier={}, task=<Task(PythonOperator): load_data>, bundle_instance=LocalDagBundle(name=dags-folder), max_tries=1, start_date=datetime.datetime(2025, 10, 13, 23, 58, 53, 345002, tzinfo=datetime.timezone.utc), end_date=None, state=<TaskInstanceState.RUNNING: 'running'>, is_mapped=False, rendered_map_index=None)","logger":"task","filename":"task_runner.py","lineno":1352}
{"timestamp":"2025-10-13T23:58:55.123902Z","level":"info","event":"Task instance in success state","logger":"task.stdout"}
{"timestamp":"2025-10-13T23:58:55.124578Z","level":"info","event":" Previous state of the Task instance: TaskInstanceState.RUNNING","logger":"task.stdout"}
{"timestamp":"2025-10-13T23:58:55.124925Z","level":"info","event":"Task operator:<Task(PythonOperator): load_data>","logger":"task.stdout"}
