{"timestamp":"2025-10-14T20:45:53.550741Z","level":"info","event":"DAG bundles loaded: dags-folder, example_dags","logger":"airflow.dag_processing.bundles.manager.DagBundlesManager","filename":"manager.py","lineno":179}
{"timestamp":"2025-10-14T20:45:53.552484Z","level":"info","event":"Filling up the DagBag from /opt/airflow/dags/budget_municipal_etl.py","logger":"airflow.models.dagbag.DagBag","filename":"dagbag.py","lineno":593}
{"timestamp":"2025-10-14T20:45:53.573045Z","level":"warning","event":"The `airflow.operators.python.PythonOperator` attribute is deprecated. Please use `'airflow.providers.standard.operators.python.PythonOperator'`.","category":"DeprecatedImportWarning","filename":"/opt/airflow/dags/budget_municipal_etl.py","lineno":9,"logger":"py.warnings"}
{"timestamp":"2025-10-14T20:45:53.595183Z","level":"info","event":"Task instance is in running state","logger":"task.stdout"}
{"timestamp":"2025-10-14T20:45:53.595844Z","level":"info","event":" Previous state of the Task instance: TaskInstanceState.QUEUED","logger":"task.stdout"}
{"timestamp":"2025-10-14T20:45:53.596197Z","level":"info","event":"Current task name:load_data","logger":"task.stdout"}
{"timestamp":"2025-10-14T20:45:53.597238Z","level":"info","event":"Dag name:budget_municipal_etl","logger":"task.stdout"}
{"timestamp":"2025-10-14T20:45:53.598629Z","level":"info","event":"Starting data loading to PostgreSQL database","logger":"root","filename":"budget_municipal_etl.py","lineno":255}
{"timestamp":"2025-10-14T20:45:53.616410Z","level":"info","event":"Loading data from Feuil1 to database","logger":"root","filename":"budget_municipal_etl.py","lineno":270}
{"timestamp":"2025-10-14T20:45:56.488255Z","level":"info","event":"Inserted 2376 records from Feuil1","logger":"root","filename":"budget_municipal_etl.py","lineno":346}
{"timestamp":"2025-10-14T20:45:56.542532Z","level":"info","event":"Loading data from Feuil2 to database","logger":"root","filename":"budget_municipal_etl.py","lineno":270}
{"timestamp":"2025-10-14T20:45:56.569314Z","level":"info","event":"Inserted 5 records from Feuil2","logger":"root","filename":"budget_municipal_etl.py","lineno":346}
{"timestamp":"2025-10-14T20:45:56.585509Z","level":"info","event":"Loading data from Feuil3 to database","logger":"root","filename":"budget_municipal_etl.py","lineno":270}
{"timestamp":"2025-10-14T20:45:56.621793Z","level":"info","event":"Inserted 7 records from Feuil3","logger":"root","filename":"budget_municipal_etl.py","lineno":346}
{"timestamp":"2025-10-14T20:45:56.681180Z","level":"info","event":"Combined dataset saved to /opt/airflow/processed/combined_municipal_budget.csv","logger":"root","filename":"budget_municipal_etl.py","lineno":390}
{"timestamp":"2025-10-14T20:45:56.704014Z","level":"warning","event":"Could not insert audit record (table may not exist): (psycopg2.errors.UndefinedTable) relation \"etl_audit\" does not exist\nLINE 2:             INSERT INTO etl_audit (dag_run_id, task_id, exec...\n                                ^\n\n[SQL: \n            INSERT INTO etl_audit (dag_run_id, task_id, execution_date, status, records_processed)\n            VALUES (%(dag_run_id)s, %(task_id)s, %(execution_date)s, %(status)s, %(records_processed)s)\n            ]\n[parameters: {'dag_run_id': 'budget_municipal_etl', 'task_id': 'load_data', 'execution_date': DateTime(2025, 10, 14, 20, 45, 29, tzinfo=Timezone('UTC')), 'status': 'SUCCESS', 'records_processed': 2388}]\n(Background on this error at: https://sqlalche.me/e/14/f405)","logger":"root","filename":"budget_municipal_etl.py","lineno":423}
{"timestamp":"2025-10-14T20:45:56.704286Z","level":"info","event":"Summary report saved to /opt/airflow/processed/budget_summary_report.json","logger":"root","filename":"budget_municipal_etl.py","lineno":425}
{"timestamp":"2025-10-14T20:45:56.704421Z","level":"info","event":"Total records loaded to database: 2388","logger":"root","filename":"budget_municipal_etl.py","lineno":426}
{"timestamp":"2025-10-14T20:45:56.734737Z","level":"info","event":"Data loading to PostgreSQL completed successfully","logger":"root","filename":"budget_municipal_etl.py","lineno":431}
{"timestamp":"2025-10-14T20:45:56.735057Z","level":"info","event":"Done. Returned value was: Loading completed","logger":"airflow.task.operators.airflow.providers.standard.operators.python.PythonOperator","filename":"python.py","lineno":218}
{"timestamp":"2025-10-14T20:45:56.735484Z","level":"info","event":"Pushing xcom","ti":"RuntimeTaskInstance(id=UUID('0199e478-9642-75cd-953e-d6db2c3f0acf'), task_id='load_data', dag_id='budget_municipal_etl', run_id='manual__2025-10-14T20:45:32.049065+00:00', try_number=1, dag_version_id=UUID('0199e44f-048b-7a95-a91d-d4e4adf4012e'), map_index=-1, hostname='4d4f4b73a332', context_carrier={}, task=<Task(PythonOperator): load_data>, bundle_instance=LocalDagBundle(name=dags-folder), max_tries=1, start_date=datetime.datetime(2025, 10, 14, 20, 45, 52, 720439, tzinfo=datetime.timezone.utc), end_date=None, state=<TaskInstanceState.RUNNING: 'running'>, is_mapped=False, rendered_map_index=None)","logger":"task","filename":"task_runner.py","lineno":1352}
{"timestamp":"2025-10-14T20:45:56.805601Z","level":"info","event":"Task instance in success state","logger":"task.stdout"}
{"timestamp":"2025-10-14T20:45:56.806388Z","level":"info","event":" Previous state of the Task instance: TaskInstanceState.RUNNING","logger":"task.stdout"}
{"timestamp":"2025-10-14T20:45:56.807738Z","level":"info","event":"Task operator:<Task(PythonOperator): load_data>","logger":"task.stdout"}
