{"timestamp":"2025-10-14T00:01:27.228740Z","level":"info","event":"DAG bundles loaded: dags-folder, example_dags","logger":"airflow.dag_processing.bundles.manager.DagBundlesManager","filename":"manager.py","lineno":179}
{"timestamp":"2025-10-14T00:01:27.230479Z","level":"info","event":"Filling up the DagBag from /opt/airflow/dags/budget_municipal_etl.py","logger":"airflow.models.dagbag.DagBag","filename":"dagbag.py","lineno":593}
{"timestamp":"2025-10-14T00:01:27.248853Z","level":"warning","event":"The `airflow.operators.python.PythonOperator` attribute is deprecated. Please use `'airflow.providers.standard.operators.python.PythonOperator'`.","category":"DeprecatedImportWarning","filename":"/opt/airflow/dags/budget_municipal_etl.py","lineno":9,"logger":"py.warnings"}
{"timestamp":"2025-10-14T00:01:27.293906Z","level":"info","event":"Task instance is in running state","logger":"task.stdout"}
{"timestamp":"2025-10-14T00:01:27.294937Z","level":"info","event":" Previous state of the Task instance: TaskInstanceState.QUEUED","logger":"task.stdout"}
{"timestamp":"2025-10-14T00:01:27.295481Z","level":"info","event":"Current task name:extract_data","logger":"task.stdout"}
{"timestamp":"2025-10-14T00:01:27.295875Z","level":"info","event":"Dag name:budget_municipal_etl","logger":"task.stdout"}
{"timestamp":"2025-10-14T00:01:27.297363Z","level":"info","event":"Starting data extraction from municipal budget file","logger":"root","filename":"budget_municipal_etl.py","lineno":48}
{"timestamp":"2025-10-14T00:01:27.582621Z","level":"info","event":"Found 3 sheets in the Excel file","logger":"root","filename":"budget_municipal_etl.py","lineno":57}
{"timestamp":"2025-10-14T00:01:27.582859Z","level":"info","event":"Sheet 'Feuil1': 264 rows, 13 columns","logger":"root","filename":"budget_municipal_etl.py","lineno":62}
{"timestamp":"2025-10-14T00:01:27.597881Z","level":"info","event":"Saved sheet 'Feuil1' to /opt/airflow/output/raw_Feuil1.csv","logger":"root","filename":"budget_municipal_etl.py","lineno":72}
{"timestamp":"2025-10-14T00:01:27.598238Z","level":"info","event":"Sheet 'Feuil2': 5 rows, 35 columns","logger":"root","filename":"budget_municipal_etl.py","lineno":62}
{"timestamp":"2025-10-14T00:01:27.604320Z","level":"info","event":"Saved sheet 'Feuil2' to /opt/airflow/output/raw_Feuil2.csv","logger":"root","filename":"budget_municipal_etl.py","lineno":72}
{"timestamp":"2025-10-14T00:01:27.604628Z","level":"info","event":"Sheet 'Feuil3': 7 rows, 1 columns","logger":"root","filename":"budget_municipal_etl.py","lineno":62}
{"timestamp":"2025-10-14T00:01:27.608791Z","level":"info","event":"Saved sheet 'Feuil3' to /opt/airflow/output/raw_Feuil3.csv","logger":"root","filename":"budget_municipal_etl.py","lineno":72}
{"timestamp":"2025-10-14T00:01:27.643417Z","level":"info","event":"Data extraction completed successfully","logger":"root","filename":"budget_municipal_etl.py","lineno":78}
{"timestamp":"2025-10-14T00:01:27.643879Z","level":"info","event":"Done. Returned value was: Extraction completed","logger":"airflow.task.operators.airflow.providers.standard.operators.python.PythonOperator","filename":"python.py","lineno":218}
{"timestamp":"2025-10-14T00:01:27.644395Z","level":"info","event":"Pushing xcom","ti":"RuntimeTaskInstance(id=UUID('0199e005-885e-7ca0-a2ea-80fd119a2001'), task_id='extract_data', dag_id='budget_municipal_etl', run_id='manual__2025-10-14T00:01:23.018303+00:00', try_number=1, dag_version_id=UUID('0199dff7-e54d-757a-a9d7-739f5be06f20'), map_index=-1, hostname='978bde05ff51', context_carrier={}, task=<Task(PythonOperator): extract_data>, bundle_instance=LocalDagBundle(name=dags-folder), max_tries=1, start_date=datetime.datetime(2025, 10, 14, 0, 1, 26, 367704, tzinfo=datetime.timezone.utc), end_date=None, state=<TaskInstanceState.RUNNING: 'running'>, is_mapped=False, rendered_map_index=None)","logger":"task","filename":"task_runner.py","lineno":1352}
{"timestamp":"2025-10-14T00:01:27.686001Z","level":"info","event":"Task instance in success state","logger":"task.stdout"}
{"timestamp":"2025-10-14T00:01:27.686981Z","level":"info","event":" Previous state of the Task instance: TaskInstanceState.RUNNING","logger":"task.stdout"}
{"timestamp":"2025-10-14T00:01:27.687650Z","level":"info","event":"Task operator:<Task(PythonOperator): extract_data>","logger":"task.stdout"}
