{"timestamp":"2025-10-14T00:13:08.207897Z","level":"info","event":"DAG bundles loaded: dags-folder, example_dags","logger":"airflow.dag_processing.bundles.manager.DagBundlesManager","filename":"manager.py","lineno":179}
{"timestamp":"2025-10-14T00:13:08.209346Z","level":"info","event":"Filling up the DagBag from /opt/airflow/dags/budget_municipal_etl.py","logger":"airflow.models.dagbag.DagBag","filename":"dagbag.py","lineno":593}
{"timestamp":"2025-10-14T00:13:08.224942Z","level":"warning","event":"The `airflow.operators.python.PythonOperator` attribute is deprecated. Please use `'airflow.providers.standard.operators.python.PythonOperator'`.","category":"DeprecatedImportWarning","filename":"/opt/airflow/dags/budget_municipal_etl.py","lineno":9,"logger":"py.warnings"}
{"timestamp":"2025-10-14T00:13:08.263047Z","level":"info","event":"Task instance is in running state","logger":"task.stdout"}
{"timestamp":"2025-10-14T00:13:08.263555Z","level":"info","event":" Previous state of the Task instance: TaskInstanceState.QUEUED","logger":"task.stdout"}
{"timestamp":"2025-10-14T00:13:08.264003Z","level":"info","event":"Current task name:load_data","logger":"task.stdout"}
{"timestamp":"2025-10-14T00:13:08.264367Z","level":"info","event":"Dag name:budget_municipal_etl","logger":"task.stdout"}
{"timestamp":"2025-10-14T00:13:08.265318Z","level":"info","event":"Starting data loading to PostgreSQL database","logger":"root","filename":"budget_municipal_etl.py","lineno":254}
{"timestamp":"2025-10-14T00:13:08.280488Z","level":"info","event":"Loading data from Feuil1 to database","logger":"root","filename":"budget_municipal_etl.py","lineno":269}
{"timestamp":"2025-10-14T00:13:11.055524Z","level":"info","event":"Inserted 2376 records from Feuil1","logger":"root","filename":"budget_municipal_etl.py","lineno":345}
{"timestamp":"2025-10-14T00:13:11.068450Z","level":"info","event":"Loading data from Feuil2 to database","logger":"root","filename":"budget_municipal_etl.py","lineno":269}
{"timestamp":"2025-10-14T00:13:11.092204Z","level":"info","event":"Inserted 5 records from Feuil2","logger":"root","filename":"budget_municipal_etl.py","lineno":345}
{"timestamp":"2025-10-14T00:13:11.100671Z","level":"info","event":"Loading data from Feuil3 to database","logger":"root","filename":"budget_municipal_etl.py","lineno":269}
{"timestamp":"2025-10-14T00:13:11.121893Z","level":"info","event":"Inserted 7 records from Feuil3","logger":"root","filename":"budget_municipal_etl.py","lineno":345}
{"timestamp":"2025-10-14T00:13:11.154282Z","level":"info","event":"Combined dataset saved to /opt/airflow/processed/combined_municipal_budget.csv","logger":"root","filename":"budget_municipal_etl.py","lineno":389}
{"timestamp":"2025-10-14T00:13:11.160814Z","level":"warning","event":"Could not insert audit record (table may not exist): (psycopg2.errors.UndefinedTable) relation \"etl_audit\" does not exist\nLINE 2:             INSERT INTO etl_audit (dag_run_id, task_id, exec...\n                                ^\n\n[SQL: \n            INSERT INTO etl_audit (dag_run_id, task_id, execution_date, status, records_processed)\n            VALUES (%(dag_run_id)s, %(task_id)s, %(execution_date)s, %(status)s, %(records_processed)s)\n            ]\n[parameters: {'dag_run_id': 'budget_municipal_etl', 'task_id': 'load_data', 'execution_date': DateTime(2025, 10, 14, 0, 13, 0, tzinfo=Timezone('UTC')), 'status': 'SUCCESS', 'records_processed': 2388}]\n(Background on this error at: https://sqlalche.me/e/14/f405)","logger":"root","filename":"budget_municipal_etl.py","lineno":422}
{"timestamp":"2025-10-14T00:13:11.161068Z","level":"info","event":"Summary report saved to /opt/airflow/processed/budget_summary_report.json","logger":"root","filename":"budget_municipal_etl.py","lineno":424}
{"timestamp":"2025-10-14T00:13:11.161214Z","level":"info","event":"Total records loaded to database: 2388","logger":"root","filename":"budget_municipal_etl.py","lineno":425}
{"timestamp":"2025-10-14T00:13:11.178615Z","level":"info","event":"Data loading to PostgreSQL completed successfully","logger":"root","filename":"budget_municipal_etl.py","lineno":430}
{"timestamp":"2025-10-14T00:13:11.178854Z","level":"info","event":"Done. Returned value was: Loading completed","logger":"airflow.task.operators.airflow.providers.standard.operators.python.PythonOperator","filename":"python.py","lineno":218}
{"timestamp":"2025-10-14T00:13:11.179271Z","level":"info","event":"Pushing xcom","ti":"RuntimeTaskInstance(id=UUID('0199e010-30ce-7f0a-a5b7-e0c0ad69a720'), task_id='load_data', dag_id='budget_municipal_etl', run_id='manual__2025-10-14T00:13:01.490713+00:00', try_number=1, dag_version_id=UUID('0199dff7-e54d-757a-a9d7-739f5be06f20'), map_index=-1, hostname='978bde05ff51', context_carrier={}, task=<Task(PythonOperator): load_data>, bundle_instance=LocalDagBundle(name=dags-folder), max_tries=1, start_date=datetime.datetime(2025, 10, 14, 0, 13, 6, 997634, tzinfo=datetime.timezone.utc), end_date=None, state=<TaskInstanceState.RUNNING: 'running'>, is_mapped=False, rendered_map_index=None)","logger":"task","filename":"task_runner.py","lineno":1352}
{"timestamp":"2025-10-14T00:13:11.224530Z","level":"info","event":"Task instance in success state","logger":"task.stdout"}
{"timestamp":"2025-10-14T00:13:11.225074Z","level":"info","event":" Previous state of the Task instance: TaskInstanceState.RUNNING","logger":"task.stdout"}
{"timestamp":"2025-10-14T00:13:11.225743Z","level":"info","event":"Task operator:<Task(PythonOperator): load_data>","logger":"task.stdout"}
